e:\ricesim-2d\ricesim-2d\gas_exchange\debug\gas_exchange.pch
e:\ricesim-2d\ricesim-2d\gas_exchange\debug\vc143.pdb
e:\ricesim-2d\ricesim-2d\gas_exchange\debug\vc143.idb
e:\ricesim-2d\ricesim-2d\gas_exchange\debug\pch.obj
e:\ricesim-2d\ricesim-2d\gas_exchange\debug\weather.obj
e:\ricesim-2d\ricesim-2d\gas_exchange\debug\solar.obj
e:\ricesim-2d\ricesim-2d\gas_exchange\debug\radtrans.obj
e:\ricesim-2d\ricesim-2d\gas_exchange\debug\initinfo.obj
e:\ricesim-2d\ricesim-2d\gas_exchange\debug\gas exchange new.obj
e:\ricesim-2d\ricesim-2d\gas_exchange\debug\crop.obj
e:\ricesim-2d\ricesim-2d\gas_exchange\debug\controller.obj
e:\ricesim-2d\ricesim-2d\gas_exchange\debug\gas_exchange.dll
e:\ricesim-2d\ricesim-2d\gas_exchange\debug\gas_exchange.pdb
e:\ricesim-2d\ricesim-2d\gas_exchange\debug\gas_exchange.lib
e:\ricesim-2d\ricesim-2d\gas_exchange\debug\gas_exchange.exp
e:\ricesim-2d\ricesim-2d\gas_exchange\debug\gas_exchange.ilk
e:\ricesim-2d\ricesim-2d\gas_exchange\debug\gas_exchange.tlog\cl.command.1.tlog
e:\ricesim-2d\ricesim-2d\gas_exchange\debug\gas_exchange.tlog\cl.items.tlog
e:\ricesim-2d\ricesim-2d\gas_exchange\debug\gas_exchange.tlog\cl.read.1.tlog
e:\ricesim-2d\ricesim-2d\gas_exchange\debug\gas_exchange.tlog\cl.write.1.tlog
e:\ricesim-2d\ricesim-2d\gas_exchange\debug\gas_exchange.tlog\link.command.1.tlog
e:\ricesim-2d\ricesim-2d\gas_exchange\debug\gas_exchange.tlog\link.read.1.tlog
e:\ricesim-2d\ricesim-2d\gas_exchange\debug\gas_exchange.tlog\link.secondary.1.tlog
e:\ricesim-2d\ricesim-2d\gas_exchange\debug\gas_exchange.tlog\link.write.1.tlog
