  pch.cpp
  Controller.cpp
  crop.cpp
E:\RICESIM-2D\RICESIM-2D\gas_exchange\crop.cpp(107,61): warning C4244: '=': conversion from 'double' to 'float', possible loss of data
E:\RICESIM-2D\RICESIM-2D\gas_exchange\crop.cpp(108,57): warning C4244: '=': conversion from 'double' to 'float', possible loss of data
E:\RICESIM-2D\RICESIM-2D\gas_exchange\crop.cpp(109,81): warning C4244: '=': conversion from 'double' to 'float', possible loss of data
E:\RICESIM-2D\RICESIM-2D\gas_exchange\crop.cpp(110,81): warning C4244: '=': conversion from 'double' to 'float', possible loss of data
E:\RICESIM-2D\RICESIM-2D\gas_exchange\crop.cpp(111,47): warning C4244: '=': conversion from 'double' to 'float', possible loss of data
E:\RICESIM-2D\RICESIM-2D\gas_exchange\crop.cpp(112,43): warning C4244: '=': conversion from 'double' to 'float', possible loss of data
E:\RICESIM-2D\RICESIM-2D\gas_exchange\crop.cpp(114,69): warning C4244: '=': conversion from 'double' to 'float', possible loss of data
E:\RICESIM-2D\RICESIM-2D\gas_exchange\crop.cpp(115,69): warning C4244: '=': conversion from 'double' to 'float', possible loss of data
E:\RICESIM-2D\RICESIM-2D\gas_exchange\crop.cpp(116,39): warning C4244: '=': conversion from 'double' to 'float', possible loss of data
E:\RICESIM-2D\RICESIM-2D\gas_exchange\crop.cpp(117,39): warning C4244: '=': conversion from 'double' to 'float', possible loss of data
E:\RICESIM-2D\RICESIM-2D\gas_exchange\crop.cpp(118,39): warning C4244: '=': conversion from 'double' to 'float', possible loss of data
E:\RICESIM-2D\RICESIM-2D\gas_exchange\crop.cpp(119,39): warning C4244: '=': conversion from 'double' to 'float', possible loss of data
E:\RICESIM-2D\RICESIM-2D\gas_exchange\crop.cpp(120,31): warning C4244: '=': conversion from 'double' to 'float', possible loss of data
E:\RICESIM-2D\RICESIM-2D\gas_exchange\crop.cpp(121,27): warning C4244: '=': conversion from 'double' to 'float', possible loss of data
E:\RICESIM-2D\RICESIM-2D\gas_exchange\crop.cpp(122,19): warning C4244: '=': conversion from 'double' to 'float', possible loss of data
E:\RICESIM-2D\RICESIM-2D\gas_exchange\crop.cpp(123,43): warning C4244: '=': conversion from 'double' to 'float', possible loss of data
E:\RICESIM-2D\RICESIM-2D\gas_exchange\crop.cpp(124,27): warning C4244: '=': conversion from 'double' to 'float', possible loss of data
E:\RICESIM-2D\RICESIM-2D\gas_exchange\crop.cpp(125,31): warning C4244: '=': conversion from 'double' to 'float', possible loss of data
E:\RICESIM-2D\RICESIM-2D\gas_exchange\crop.cpp(126,35): warning C4244: '=': conversion from 'double' to 'float', possible loss of data
E:\RICESIM-2D\RICESIM-2D\gas_exchange\crop.cpp(73,9): warning C4101: 'Es': unreferenced local variable
  gas exchange new.cpp
  initInfo.cpp
  radtrans.cpp
  solar.cpp
  weather.cpp
  Generating Code...
     Creating library Debug\gas_exchange.lib and object Debug\gas_exchange.exp
  gas_exchange.vcxproj -> E:\RICESIM-2D\RICESIM-2D\gas_exchange\Debug\gas_exchange.dll
  E:\RICESIM-2D\RICESIM-2D\gas_exchange\Debug\gas_exchange.dll
  1 File(s) copied
